2015-03-06 09:47:01,975 [myid:] - INFO  [main:QuorumPeerConfig@103] - Reading configuration from: /home/piccio/zookeeper-3.4.6/bin/../conf/zoo.cfg
2015-03-06 09:47:02,007 [myid:] - INFO  [main:DatadirCleanupManager@78] - autopurge.snapRetainCount set to 3
2015-03-06 09:47:02,007 [myid:] - INFO  [main:DatadirCleanupManager@79] - autopurge.purgeInterval set to 0
2015-03-06 09:47:02,007 [myid:] - INFO  [main:DatadirCleanupManager@101] - Purge task is not scheduled.
2015-03-06 09:47:02,007 [myid:] - WARN  [main:QuorumPeerMain@113] - Either no config or no quorum defined in config, running  in standalone mode
2015-03-06 09:47:02,101 [myid:] - INFO  [main:QuorumPeerConfig@103] - Reading configuration from: /home/piccio/zookeeper-3.4.6/bin/../conf/zoo.cfg
2015-03-06 09:47:02,101 [myid:] - INFO  [main:ZooKeeperServerMain@95] - Starting server
2015-03-06 09:47:02,226 [myid:] - INFO  [main:Environment@100] - Server environment:zookeeper.version=3.4.6-1569965, built on 02/20/2014 09:09 GMT
2015-03-06 09:47:02,226 [myid:] - INFO  [main:Environment@100] - Server environment:host.name=piccio-laptop
2015-03-06 09:47:02,226 [myid:] - INFO  [main:Environment@100] - Server environment:java.version=1.8.0_40
2015-03-06 09:47:02,226 [myid:] - INFO  [main:Environment@100] - Server environment:java.vendor=Oracle Corporation
2015-03-06 09:47:02,226 [myid:] - INFO  [main:Environment@100] - Server environment:java.home=/usr/lib/jvm/java-8-oracle/jre
2015-03-06 09:47:02,226 [myid:] - INFO  [main:Environment@100] - Server environment:java.class.path=/home/piccio/zookeeper-3.4.6/bin/../build/classes:/home/piccio/zookeeper-3.4.6/bin/../build/lib/*.jar:/home/piccio/zookeeper-3.4.6/bin/../lib/slf4j-log4j12-1.6.1.jar:/home/piccio/zookeeper-3.4.6/bin/../lib/slf4j-api-1.6.1.jar:/home/piccio/zookeeper-3.4.6/bin/../lib/netty-3.7.0.Final.jar:/home/piccio/zookeeper-3.4.6/bin/../lib/log4j-1.2.16.jar:/home/piccio/zookeeper-3.4.6/bin/../lib/jline-0.9.94.jar:/home/piccio/zookeeper-3.4.6/bin/../zookeeper-3.4.6.jar:/home/piccio/zookeeper-3.4.6/bin/../src/java/lib/*.jar:/home/piccio/zookeeper-3.4.6/bin/../conf:
2015-03-06 09:47:02,226 [myid:] - INFO  [main:Environment@100] - Server environment:java.library.path=/usr/java/packages/lib/amd64:/usr/lib64:/lib64:/lib:/usr/lib
2015-03-06 09:47:02,226 [myid:] - INFO  [main:Environment@100] - Server environment:java.io.tmpdir=/tmp
2015-03-06 09:47:02,227 [myid:] - INFO  [main:Environment@100] - Server environment:java.compiler=<NA>
2015-03-06 09:47:02,228 [myid:] - INFO  [main:Environment@100] - Server environment:os.name=Linux
2015-03-06 09:47:02,228 [myid:] - INFO  [main:Environment@100] - Server environment:os.arch=amd64
2015-03-06 09:47:02,229 [myid:] - INFO  [main:Environment@100] - Server environment:os.version=3.13.0-46-generic
2015-03-06 09:47:02,229 [myid:] - INFO  [main:Environment@100] - Server environment:user.name=piccio
2015-03-06 09:47:02,229 [myid:] - INFO  [main:Environment@100] - Server environment:user.home=/home/piccio
2015-03-06 09:47:02,229 [myid:] - INFO  [main:Environment@100] - Server environment:user.dir=/home/piccio/workspace/GiraphStandAlone
2015-03-06 09:47:02,251 [myid:] - INFO  [main:ZooKeeperServer@755] - tickTime set to 2000
2015-03-06 09:47:02,251 [myid:] - INFO  [main:ZooKeeperServer@764] - minSessionTimeout set to -1
2015-03-06 09:47:02,251 [myid:] - INFO  [main:ZooKeeperServer@773] - maxSessionTimeout set to -1
2015-03-06 09:47:02,318 [myid:] - INFO  [main:NIOServerCnxnFactory@94] - binding to port 0.0.0.0/0.0.0.0:2181
