\BOOKMARK [0][-]{chapter.1}{Introduzione}{}% 1
\BOOKMARK [0][-]{chapter.2}{MapReduce}{}% 2
\BOOKMARK [1][-]{section.2.1}{MAP e REDUCE}{chapter.2}% 3
\BOOKMARK [2][-]{subsection.2.1.1}{Esempio MapReduce}{section.2.1}% 4
\BOOKMARK [1][-]{section.2.2}{Architettura MapReduce}{chapter.2}% 5
\BOOKMARK [2][-]{subsection.2.2.1}{Flusso di un programma MapReduce}{section.2.2}% 6
\BOOKMARK [2][-]{subsection.2.2.2}{Funzione di Partizione}{section.2.2}% 7
\BOOKMARK [2][-]{subsection.2.2.3}{Master}{section.2.2}% 8
\BOOKMARK [2][-]{subsection.2.2.4}{Controllo e gestione degli errori}{section.2.2}% 9
\BOOKMARK [1][-]{section.2.3}{MapReduce - Iterazioni a cascata}{chapter.2}% 10
\BOOKMARK [1][-]{section.2.4}{Implementazioni di MapReduce}{chapter.2}% 11
\BOOKMARK [0][-]{chapter.3}{Pregel}{}% 12
\BOOKMARK [1][-]{section.3.1}{Bulk Synchronous Parallel \(BSP\)}{chapter.3}% 13
\BOOKMARK [1][-]{section.3.2}{Pregel}{chapter.3}% 14
\BOOKMARK [2][-]{subsection.3.2.1}{Esempio Pregel}{section.3.2}% 15
\BOOKMARK [1][-]{section.3.3}{Architettura Pregel}{chapter.3}% 16
\BOOKMARK [2][-]{subsection.3.3.1}{Flusso di un programma Pregel}{section.3.3}% 17
\BOOKMARK [2][-]{subsection.3.3.2}{Master}{section.3.3}% 18
\BOOKMARK [2][-]{subsection.3.3.3}{Worker}{section.3.3}% 19
\BOOKMARK [2][-]{subsection.3.3.4}{Aggregatori}{section.3.3}% 20
\BOOKMARK [2][-]{subsection.3.3.5}{Gestione e recupero degli errori}{section.3.3}% 21
\BOOKMARK [1][-]{section.3.4}{Giraph - Numero di iterazioni}{chapter.3}% 22
\BOOKMARK [1][-]{section.3.5}{Implementazioni Pregel}{chapter.3}% 23
\BOOKMARK [0][-]{chapter.4}{Algoritmi implementati}{}% 24
\BOOKMARK [1][-]{section.4.1}{DegreeCalculator}{chapter.4}% 25
\BOOKMARK [2][-]{subsection.4.1.1}{MapReduce}{section.4.1}% 26
\BOOKMARK [2][-]{subsection.4.1.2}{Pregel}{section.4.1}% 27
\BOOKMARK [1][-]{section.4.2}{SSSP, Cammini minimi da singola sorgente}{chapter.4}% 28
\BOOKMARK [2][-]{subsection.4.2.1}{MapReduce}{section.4.2}% 29
\BOOKMARK [2][-]{subsection.4.2.2}{Pregel}{section.4.2}% 30
\BOOKMARK [1][-]{section.4.3}{NodeIterator++, Calcolo del numero di triangoli del grafo}{chapter.4}% 31
\BOOKMARK [2][-]{subsection.4.3.1}{MapReduce}{section.4.3}% 32
\BOOKMARK [2][-]{subsection.4.3.2}{Pregel}{section.4.3}% 33
\BOOKMARK [1][-]{section.4.4}{Densest Subgraph , Ricerca del sottografo pi\371 denso in grafi non orientati}{chapter.4}% 34
\BOOKMARK [2][-]{subsection.4.4.1}{MapReduce}{section.4.4}% 35
\BOOKMARK [2][-]{subsection.4.4.2}{Pregel}{section.4.4}% 36
\BOOKMARK [1][-]{section.4.5}{Densest Subgraph, Ricerca del sottografo pi\371 denso in grafi orientati}{chapter.4}% 37
\BOOKMARK [2][-]{subsection.4.5.1}{MapReduce}{section.4.5}% 38
\BOOKMARK [2][-]{subsection.4.5.2}{Pregel}{section.4.5}% 39
\BOOKMARK [0][-]{chapter.5}{Test}{}% 40
\BOOKMARK [1][-]{section.5.1}{Ambiente testing}{chapter.5}% 41
\BOOKMARK [1][-]{section.5.2}{Dataset}{chapter.5}% 42
\BOOKMARK [1][-]{section.5.3}{Analisi Performance}{chapter.5}% 43
\BOOKMARK [2][-]{subsection.5.3.1}{CPU time}{section.5.3}% 44
\BOOKMARK [2][-]{subsection.5.3.2}{Utilizzo Memoria}{section.5.3}% 45
\BOOKMARK [0][-]{chapter.6}{Conclusioni}{}% 46
